<?xml version="1.0" encoding="UTF-8"?>
<!-- Generated by org.testng.reporters.JUnitReportReporter -->
<testsuite hostname="saurabh-PC" failures="0" tests="2" name="TestNgpro.Data_ProviderTest" time="26.767" errors="0" timestamp="2022-08-23T19:05:43 IST" skipped="0">
  <testcase classname="TestNgpro.Data_ProviderTest" name="login" time="13.914"/>
  <system-out/>
  <testcase classname="TestNgpro.Data_ProviderTest" name="login" time="12.853"/>
  <system-out/>
</testsuite> <!-- TestNgpro.Data_ProviderTest -->
