<?xml version="1.0" encoding="UTF-8"?>
<!-- Generated by org.testng.reporters.JUnitReportReporter -->
<testsuite hostname="saurabh-PC" failures="0" tests="4" name="TestNgpro.Dependncy_Demo" time="0.056" errors="0" timestamp="2022-08-23T13:01:47 IST" skipped="0">
  <testcase classname="TestNgpro.Dependncy_Demo" name="TestOne" time="0.027"/>
  <system-out/>
  <testcase classname="TestNgpro.Dependncy_Demo" name="TestSecond" time="0.008"/>
  <system-out/>
  <testcase classname="TestNgpro.Dependncy_Demo" name="TestThree" time="0.006"/>
  <system-out/>
  <testcase classname="TestNgpro.Dependncy_Demo" name="FrothTest" time="0.015"/>
  <system-out/>
</testsuite> <!-- TestNgpro.Dependncy_Demo -->
