<?xml version="1.0" encoding="UTF-8"?>
<!-- Generated by org.testng.reporters.JUnitReportReporter -->
<testsuite hostname="saurabh-PC" failures="0" tests="4" name="TestNgpro.dependancy_demo" time="24.889" errors="0" timestamp="2022-08-17T18:27:09 IST" skipped="0">
  <testcase classname="TestNgpro.dependancy_demo" name="launch_chrome" time="10.870"/>
  <system-out/>
  <testcase classname="TestNgpro.dependancy_demo" name="check_title" time="8.361"/>
  <system-out/>
  <testcase classname="TestNgpro.dependancy_demo" name="Tear_down" time="4.745"/>
  <system-out/>
  <testcase classname="TestNgpro.dependancy_demo" name="check_login" time="0.913"/>
  <system-out/>
</testsuite> <!-- TestNgpro.dependancy_demo -->
