<?xml version="1.0" encoding="UTF-8"?>
<!-- Generated by org.testng.reporters.JUnitReportReporter -->
<testsuite hostname="saurabh-PC" failures="0" tests="1" name="TestNgpro.Assert_Demo" time="16.576" errors="0" timestamp="2022-09-15T15:47:19 IST" skipped="0">
  <testcase classname="TestNgpro.Assert_Demo" name="ChromTest" time="16.576"/>
  <system-out/>
</testsuite> <!-- TestNgpro.Assert_Demo -->
