<?xml version="1.0" encoding="UTF-8"?>
<!-- Generated by org.testng.reporters.JUnitReportReporter -->
<testsuite hostname="saurabh-PC" failures="0" tests="4" name="TestNgpro.Group_depen" time="13.335" errors="0" timestamp="2022-08-17T19:06:01 IST" skipped="0">
  <testcase classname="TestNgpro.Group_depen" name="check_title" time="0.071"/>
  <system-out/>
  <testcase classname="TestNgpro.Group_depen" name="launch_chrome" time="11.551"/>
  <system-out/>
  <testcase classname="TestNgpro.Group_depen" name="Tear_down" time="0.581"/>
  <system-out/>
  <testcase classname="TestNgpro.Group_depen" name="check_login" time="1.132"/>
  <system-out/>
</testsuite> <!-- TestNgpro.Group_depen -->
