<?xml version="1.0" encoding="UTF-8"?>
<!-- Generated by org.testng.reporters.JUnitReportReporter -->
<testsuite hostname="saurabh-PC" failures="0" tests="2" name="TestNgpro.Hard_Assert_test" time="51.076" errors="0" timestamp="2022-08-19T12:35:47 IST" skipped="0">
  <testcase classname="TestNgpro.Hard_Assert_test" name="edgetest" time="36.128"/>
  <system-out/>
  <testcase classname="TestNgpro.Hard_Assert_test" name="Chrometest" time="14.948"/>
  <system-out/>
</testsuite> <!-- TestNgpro.Hard_Assert_test -->
