<?xml version="1.0" encoding="UTF-8"?>
<!-- Generated by org.testng.reporters.JUnitReportReporter -->
<testsuite hostname="saurabh-PC" failures="1" tests="14" name="TestNgpro.ItestListnerExample" time="0.104" errors="0" timestamp="2022-08-19T13:16:56 IST" skipped="7">
  <testcase classname="TestNgpro.ItestListnerExample" name="testMethod2" time="0.013">
    <skipped/>
  </testcase> <!-- testMethod2 -->
  <system-out/>
  <testcase classname="TestNgpro.ItestListnerExample" name="testMethod4" time="0.003">
    <skipped/>
  </testcase> <!-- testMethod4 -->
  <system-out/>
  <testcase classname="TestNgpro.ItestListnerExample" name="testMethod4" time="0.010"/>
  <system-out/>
  <testcase classname="TestNgpro.ItestListnerExample" name="testMethod2" time="0.003">
    <skipped/>
  </testcase> <!-- testMethod2 -->
  <system-out/>
  <testcase classname="TestNgpro.ItestListnerExample" name="testMethod1" time="0.023"/>
  <system-out/>
  <testcase classname="TestNgpro.ItestListnerExample" name="testMethod3" time="0.004">
    <skipped/>
  </testcase> <!-- testMethod3 -->
  <system-out/>
  <testcase classname="TestNgpro.ItestListnerExample" name="testMethod4" time="0.004">
    <skipped/>
  </testcase> <!-- testMethod4 -->
  <system-out/>
  <testcase classname="TestNgpro.ItestListnerExample" name="testMethod4" time="0.005"/>
  <system-out/>
  <testcase classname="TestNgpro.ItestListnerExample" name="testMethod2" time="0.009">
    <skipped/>
  </testcase> <!-- testMethod2 -->
  <system-out/>
  <testcase classname="TestNgpro.ItestListnerExample" name="testMethod2" time="0.004">
    <failure message="expected [11] but found [10]" type="java.lang.AssertionError">
      <![CDATA[java.lang.AssertionError: expected [11] but found [10]
at org.testng.Assert.fail(Assert.java:99)
at org.testng.Assert.failNotEquals(Assert.java:1037)
at org.testng.Assert.assertEqualsImpl(Assert.java:140)
at org.testng.Assert.assertEquals(Assert.java:122)
at org.testng.Assert.assertEquals(Assert.java:907)
at org.testng.Assert.assertEquals(Assert.java:917)
at TestNgpro.ItestListnerExample.testMethod2(ItestListnerExample.java:23)
at java.base/jdk.internal.reflect.NativeMethodAccessorImpl.invoke0(Native Method)
at java.base/jdk.internal.reflect.NativeMethodAccessorImpl.invoke(NativeMethodAccessorImpl.java:77)
at java.base/jdk.internal.reflect.DelegatingMethodAccessorImpl.invoke(DelegatingMethodAccessorImpl.java:43)
at java.base/java.lang.reflect.Method.invoke(Method.java:568)
at org.testng.internal.MethodInvocationHelper.invokeMethod(MethodInvocationHelper.java:133)
at org.testng.internal.TestInvoker.invokeMethod(TestInvoker.java:598)
at org.testng.internal.TestInvoker.retryFailed(TestInvoker.java:213)
at org.testng.internal.MethodRunner.runInSequence(MethodRunner.java:58)
at org.testng.internal.TestInvoker$MethodInvocationAgent.invoke(TestInvoker.java:824)
at org.testng.internal.TestInvoker.invokeTestMethods(TestInvoker.java:146)
at org.testng.internal.TestMethodWorker.invokeTestMethods(TestMethodWorker.java:146)
at org.testng.internal.TestMethodWorker.run(TestMethodWorker.java:128)
at java.base/java.util.ArrayList.forEach(ArrayList.java:1511)
at org.testng.TestRunner.privateRun(TestRunner.java:794)
at org.testng.TestRunner.run(TestRunner.java:596)
at org.testng.SuiteRunner.runTest(SuiteRunner.java:377)
at org.testng.SuiteRunner.runSequentially(SuiteRunner.java:371)
at org.testng.SuiteRunner.privateRun(SuiteRunner.java:332)
at org.testng.SuiteRunner.run(SuiteRunner.java:276)
at org.testng.SuiteRunnerWorker.runSuite(SuiteRunnerWorker.java:53)
at org.testng.SuiteRunnerWorker.run(SuiteRunnerWorker.java:96)
at org.testng.TestNG.runSuitesSequentially(TestNG.java:1212)
at org.testng.TestNG.runSuitesLocally(TestNG.java:1134)
at org.testng.TestNG.runSuites(TestNG.java:1063)
at org.testng.TestNG.run(TestNG.java:1031)
at org.testng.remote.AbstractRemoteTestNG.run(AbstractRemoteTestNG.java:115)
at org.testng.remote.RemoteTestNG.initAndRun(RemoteTestNG.java:251)
at org.testng.remote.RemoteTestNG.main(RemoteTestNG.java:77)
]]>
    </failure>
  </testcase> <!-- testMethod2 -->
  <system-out/>
  <testcase classname="TestNgpro.ItestListnerExample" name="testMethod4" time="0.007"/>
  <system-out/>
  <testcase classname="TestNgpro.ItestListnerExample" name="testMethod4" time="0.007"/>
  <system-out/>
  <testcase classname="TestNgpro.ItestListnerExample" name="testMethod4" time="0.003"/>
  <system-out/>
  <testcase classname="TestNgpro.ItestListnerExample" name="testMethod2" time="0.009">
    <skipped/>
  </testcase> <!-- testMethod2 -->
  <system-out/>
</testsuite> <!-- TestNgpro.ItestListnerExample -->
