<?xml version="1.0" encoding="UTF-8"?>
<!-- Generated by org.testng.reporters.JUnitReportReporter -->
<testsuite hostname="saurabh-PC" failures="0" tests="2" name="TestNgpro.chlid_class" time="8.978" errors="0" timestamp="2022-08-17T18:41:08 IST" skipped="0">
  <testcase classname="TestNgpro.chlid_class" name="launch_chrome" time="7.696"/>
  <system-out/>
  <testcase classname="TestNgpro.chlid_class" name="check_login" time="1.282"/>
  <system-out/>
</testsuite> <!-- TestNgpro.chlid_class -->
