<?xml version="1.0" encoding="UTF-8"?>
<!-- Generated by org.testng.reporters.JUnitReportReporter -->
<testsuite hostname="saurabh-PC" failures="0" tests="1" name="TestNgpro.parent_class" time="11.139" errors="0" timestamp="2022-08-17T18:41:08 IST" skipped="0">
  <testcase classname="TestNgpro.parent_class" name="launch_chrome" time="11.139"/>
  <system-out/>
</testsuite> <!-- TestNgpro.parent_class -->
