<?xml version="1.0" encoding="UTF-8"?>
<!-- Generated by org.testng.reporters.JUnitReportReporter -->
<testsuite hostname="saurabh-PC" failures="0" tests="2" name="TestNgpro.Assertion_Test" time="36.263" errors="0" timestamp="2022-08-23T18:02:34 IST" skipped="0">
  <testcase classname="TestNgpro.Assertion_Test" name="setup" time="14.592"/>
  <system-out/>
  <testcase classname="TestNgpro.Assertion_Test" name="Chrometest" time="21.671"/>
  <system-out/>
</testsuite> <!-- TestNgpro.Assertion_Test -->
