<?xml version="1.0" encoding="UTF-8"?>
<!-- Generated by org.testng.reporters.JUnitReportReporter -->
<testsuite hostname="saurabh-PC" failures="0" tests="4" name="TestNgpro.GroupTest" time="22.289" errors="0" timestamp="2022-08-19T11:09:35 IST" skipped="0">
  <testcase classname="TestNgpro.GroupTest" name="launch_chrome" time="16.250"/>
  <system-out/>
  <testcase classname="TestNgpro.GroupTest" name="check_login" time="1.966"/>
  <system-out/>
  <testcase classname="TestNgpro.GroupTest" name="check_title" time="2.113"/>
  <system-out/>
  <testcase classname="TestNgpro.GroupTest" name="Tear_down" time="1.960"/>
  <system-out/>
</testsuite> <!-- TestNgpro.GroupTest -->
