<?xml version="1.0" encoding="UTF-8"?>
<!-- Generated by org.testng.reporters.JUnitReportReporter -->
<testsuite hostname="saurabh-PC" failures="0" tests="2" name="TestNgpro.kite_test" time="22.521" errors="0" timestamp="2022-08-23T19:09:31 IST" skipped="0">
  <testcase classname="TestNgpro.kite_test" name="kitelogin" time="12.899"/>
  <system-out/>
  <testcase classname="TestNgpro.kite_test" name="kitelogin" time="9.622"/>
  <system-out/>
</testsuite> <!-- TestNgpro.kite_test -->
