<?xml version="1.0" encoding="UTF-8"?>
<!-- Generated by org.testng.reporters.JUnitReportReporter -->
<testsuite hostname="saurabh-PC" failures="0" tests="1" name="TestNgpro.Assertion_Demo" time="12.995" errors="0" timestamp="2022-09-15T16:06:14 IST" skipped="0">
  <testcase classname="TestNgpro.Assertion_Demo" name="ChromTest" time="12.995"/>
  <system-out/>
</testsuite> <!-- TestNgpro.Assertion_Demo -->
