<?xml version="1.0" encoding="UTF-8"?>
<!-- Generated by org.testng.reporters.JUnitReportReporter -->
<testsuite hostname="saurabh-PC" failures="0" tests="1" name="TestNgpro.AnnotationTest" time="0.006" errors="0" timestamp="2022-08-19T11:09:34 IST" skipped="0">
  <testcase classname="TestNgpro.AnnotationTest" name="f" time="0.006"/>
  <system-out/>
</testsuite> <!-- TestNgpro.AnnotationTest -->
