<?xml version="1.0" encoding="UTF-8"?>
<!-- Generated by org.testng.reporters.JUnitReportReporter -->
<testsuite hostname="saurabh-PC" failures="0" tests="3" name="TestNgpro.Parameter_Demo" time="0.023" errors="0" timestamp="2022-08-18T07:41:19 IST" skipped="0">
  <testcase classname="TestNgpro.Parameter_Demo" name="diff" time="0.017"/>
  <system-out/>
  <testcase classname="TestNgpro.Parameter_Demo" name="mul" time="0.003"/>
  <system-out/>
  <testcase classname="TestNgpro.Parameter_Demo" name="sum" time="0.003"/>
  <system-out/>
</testsuite> <!-- TestNgpro.Parameter_Demo -->
