<?xml version="1.0" encoding="UTF-8"?>
<!-- Generated by org.testng.reporters.JUnitReportReporter -->
<testsuite hostname="saurabh-PC" failures="0" tests="2" name="TestNgpro.parameterization_Demo" time="0.028" errors="0" timestamp="2022-08-23T18:22:43 IST" skipped="0">
  <testcase classname="TestNgpro.parameterization_Demo" name="sub" time="0.023"/>
  <system-out/>
  <testcase classname="TestNgpro.parameterization_Demo" name="sum" time="0.005"/>
  <system-out/>
</testsuite> <!-- TestNgpro.parameterization_Demo -->
