<?xml version="1.0" encoding="UTF-8"?>
<!-- Generated by org.testng.reporters.JUnitReportReporter -->
<testsuite hostname="saurabh-PC" failures="0" tests="1" name="TestNgpro.browser_parameterization" time="24.720" errors="0" timestamp="2022-08-23T18:39:05 IST" skipped="0">
  <testcase classname="TestNgpro.browser_parameterization" name="Chrome" time="24.720"/>
  <system-out/>
</testsuite> <!-- TestNgpro.browser_parameterization -->
