<?xml version="1.0" encoding="UTF-8"?>
<!-- Generated by org.testng.reporters.JUnitReportReporter -->
<testsuite hostname="saurabh-PC" failures="0" tests="1" name="TestNgpro.parameter_multiply" time="0.005" errors="0" timestamp="2022-08-23T18:22:43 IST" skipped="0">
  <testcase classname="TestNgpro.parameter_multiply" name="mul" time="0.005"/>
  <system-out/>
</testsuite> <!-- TestNgpro.parameter_multiply -->
